2020-05-05 07:19:18.975  INFO 12368 --- [main] c.h.s.SpringBoot03LoggingApplication     : Starting SpringBoot03LoggingApplication on DESKTOP-8IPKGHU with PID 12368 (G:\learn-skills\springbootlearn\spring-boot-03-logging\target\classes started by Gknan in G:\learn-skills\springbootlearn)
2020-05-05 07:19:18.982 DEBUG 12368 --- [main] c.h.s.SpringBoot03LoggingApplication     : Running with Spring Boot v2.2.6.RELEASE, Spring v5.2.5.RELEASE
2020-05-05 07:19:18.982  INFO 12368 --- [main] c.h.s.SpringBoot03LoggingApplication     : No active profile set, falling back to default profiles: default
2020-05-05 07:19:21.111  INFO 12368 --- [main] o.s.b.w.embedded.tomcat.TomcatWebServer  : Tomcat initialized with port(s): 8080 (http)
2020-05-05 07:19:21.130  INFO 12368 --- [main] o.apache.catalina.core.StandardService   : Starting service [Tomcat]
2020-05-05 07:19:21.130  INFO 12368 --- [main] org.apache.catalina.core.StandardEngine  : Starting Servlet engine: [Apache Tomcat/9.0.33]
2020-05-05 07:19:21.133  INFO 12368 --- [main] o.a.catalina.core.AprLifecycleListener   : Loaded APR based Apache Tomcat Native library [1.2.23] using APR version [1.7.0].
2020-05-05 07:19:21.133  INFO 12368 --- [main] o.a.catalina.core.AprLifecycleListener   : APR capabilities: IPv6 [true], sendfile [true], accept filters [false], random [true].
2020-05-05 07:19:21.133  INFO 12368 --- [main] o.a.catalina.core.AprLifecycleListener   : APR/OpenSSL configuration: useAprConnector [false], useOpenSSL [true]
2020-05-05 07:19:21.150  INFO 12368 --- [main] o.a.catalina.core.AprLifecycleListener   : OpenSSL successfully initialized [OpenSSL 1.1.1c  28 May 2019]
2020-05-05 07:19:21.298  INFO 12368 --- [main] o.a.c.c.C.[Tomcat].[localhost].[/]       : Initializing Spring embedded WebApplicationContext
2020-05-05 07:19:21.301  INFO 12368 --- [main] o.s.web.context.ContextLoader            : Root WebApplicationContext: initialization completed in 2221 ms
2020-05-05 07:19:21.654  INFO 12368 --- [main] o.s.s.concurrent.ThreadPoolTaskExecutor  : Initializing ExecutorService 'applicationTaskExecutor'
2020-05-05 07:19:21.821  INFO 12368 --- [main] o.s.b.w.embedded.tomcat.TomcatWebServer  : Tomcat started on port(s): 8080 (http) with context path ''
2020-05-05 07:19:21.825  INFO 12368 --- [main] c.h.s.SpringBoot03LoggingApplication     : Started SpringBoot03LoggingApplication in 3.539 seconds (JVM running for 5.232)
2020-05-05 07:25:41.038 ==== [ main ] - [ INFO ] [ cn.hust.springboot.SpringBoot03LoggingApplication : 55 ] - Starting SpringBoot03LoggingApplication on DESKTOP-8IPKGHU with PID 22496 (G:\learn-skills\springbootlearn\spring-boot-03-logging\target\classes started by Gknan in G:\learn-skills\springbootlearn)
2020-05-05 07:25:41.067 ==== [ main ] - [ DEBUG] [ cn.hust.springboot.SpringBoot03LoggingApplication : 56 ] - Running with Spring Boot v2.2.6.RELEASE, Spring v5.2.5.RELEASE
2020-05-05 07:25:41.068 ==== [ main ] - [ INFO ] [ cn.hust.springboot.SpringBoot03LoggingApplication : 651 ] - No active profile set, falling back to default profiles: default
2020-05-05 07:25:43.086 ==== [ main ] - [ INFO ] [ o.s.boot.web.embedded.tomcat.TomcatWebServer : 92 ] - Tomcat initialized with port(s): 8080 (http)
2020-05-05 07:25:43.102 ==== [ main ] - [ INFO ] [ org.apache.catalina.core.StandardService : 173 ] - Starting service [Tomcat]
2020-05-05 07:25:43.104 ==== [ main ] - [ INFO ] [ org.apache.catalina.core.StandardEngine : 173 ] - Starting Servlet engine: [Apache Tomcat/9.0.33]
2020-05-05 07:25:43.108 ==== [ main ] - [ INFO ] [ org.apache.catalina.core.AprLifecycleListener : 173 ] - Loaded APR based Apache Tomcat Native library [1.2.23] using APR version [1.7.0].
2020-05-05 07:25:43.108 ==== [ main ] - [ INFO ] [ org.apache.catalina.core.AprLifecycleListener : 173 ] - APR capabilities: IPv6 [true], sendfile [true], accept filters [false], random [true].
2020-05-05 07:25:43.109 ==== [ main ] - [ INFO ] [ org.apache.catalina.core.AprLifecycleListener : 173 ] - APR/OpenSSL configuration: useAprConnector [false], useOpenSSL [true]
2020-05-05 07:25:43.116 ==== [ main ] - [ INFO ] [ org.apache.catalina.core.AprLifecycleListener : 173 ] - OpenSSL successfully initialized [OpenSSL 1.1.1c  28 May 2019]
2020-05-05 07:25:43.235 ==== [ main ] - [ INFO ] [ o.a.c.core.ContainerBase.[Tomcat].[localhost].[/] : 173 ] - Initializing Spring embedded WebApplicationContext
2020-05-05 07:25:43.235 ==== [ main ] - [ INFO ] [ org.springframework.web.context.ContextLoader : 284 ] - Root WebApplicationContext: initialization completed in 2096 ms
2020-05-05 07:25:43.522 ==== [ main ] - [ INFO ] [ o.s.scheduling.concurrent.ThreadPoolTaskExecutor : 181 ] - Initializing ExecutorService 'applicationTaskExecutor'
2020-05-05 07:25:43.719 ==== [ main ] - [ INFO ] [ o.s.boot.web.embedded.tomcat.TomcatWebServer : 204 ] - Tomcat started on port(s): 8080 (http) with context path ''
2020-05-05 07:25:43.722 ==== [ main ] - [ INFO ] [ cn.hust.springboot.SpringBoot03LoggingApplication : 61 ] - Started SpringBoot03LoggingApplication in 3.359 seconds (JVM running for 5.295)
2020-05-05 07:37:05.584 ==== [ main ] - [ INFO ] [ cn.hust.springboot.SpringBoot03LoggingApplication : 55 ] - Starting SpringBoot03LoggingApplication on DESKTOP-8IPKGHU with PID 12728 (G:\learn-skills\springbootlearn\spring-boot-03-logging\target\classes started by Gknan in G:\learn-skills\springbootlearn)
2020-05-05 07:37:05.588 ==== [ main ] - [ DEBUG] [ cn.hust.springboot.SpringBoot03LoggingApplication : 56 ] - Running with Spring Boot v2.2.6.RELEASE, Spring v5.2.5.RELEASE
2020-05-05 07:37:05.589 ==== [ main ] - [ INFO ] [ cn.hust.springboot.SpringBoot03LoggingApplication : 651 ] - No active profile set, falling back to default profiles: default
2020-05-05 07:37:07.643 ==== [ main ] - [ INFO ] [ o.s.boot.web.embedded.tomcat.TomcatWebServer : 92 ] - Tomcat initialized with port(s): 8080 (http)
2020-05-05 07:37:07.656 ==== [ main ] - [ INFO ] [ org.apache.catalina.core.StandardService : 173 ] - Starting service [Tomcat]
2020-05-05 07:37:07.657 ==== [ main ] - [ INFO ] [ org.apache.catalina.core.StandardEngine : 173 ] - Starting Servlet engine: [Apache Tomcat/9.0.33]
2020-05-05 07:37:07.659 ==== [ main ] - [ INFO ] [ org.apache.catalina.core.AprLifecycleListener : 173 ] - Loaded APR based Apache Tomcat Native library [1.2.23] using APR version [1.7.0].
2020-05-05 07:37:07.660 ==== [ main ] - [ INFO ] [ org.apache.catalina.core.AprLifecycleListener : 173 ] - APR capabilities: IPv6 [true], sendfile [true], accept filters [false], random [true].
2020-05-05 07:37:07.660 ==== [ main ] - [ INFO ] [ org.apache.catalina.core.AprLifecycleListener : 173 ] - APR/OpenSSL configuration: useAprConnector [false], useOpenSSL [true]
2020-05-05 07:37:07.666 ==== [ main ] - [ INFO ] [ org.apache.catalina.core.AprLifecycleListener : 173 ] - OpenSSL successfully initialized [OpenSSL 1.1.1c  28 May 2019]
2020-05-05 07:37:07.780 ==== [ main ] - [ INFO ] [ o.a.c.core.ContainerBase.[Tomcat].[localhost].[/] : 173 ] - Initializing Spring embedded WebApplicationContext
2020-05-05 07:37:07.780 ==== [ main ] - [ INFO ] [ org.springframework.web.context.ContextLoader : 284 ] - Root WebApplicationContext: initialization completed in 2110 ms
2020-05-05 07:37:08.026 ==== [ main ] - [ INFO ] [ o.s.scheduling.concurrent.ThreadPoolTaskExecutor : 181 ] - Initializing ExecutorService 'applicationTaskExecutor'
2020-05-05 07:37:08.189 ==== [ main ] - [ INFO ] [ o.s.boot.web.embedded.tomcat.TomcatWebServer : 204 ] - Tomcat started on port(s): 8080 (http) with context path ''
2020-05-05 07:37:08.193 ==== [ main ] - [ INFO ] [ cn.hust.springboot.SpringBoot03LoggingApplication : 61 ] - Started SpringBoot03LoggingApplication in 3.33 seconds (JVM running for 5.075)
2020-05-05 07:52:47.054 ==== [ main ] - [ INFO ] [ cn.hust.springboot.SpringBoot03LoggingApplication : 55 ] - Starting SpringBoot03LoggingApplication on DESKTOP-8IPKGHU with PID 13376 (G:\learn-skills\springbootlearn\spring-boot-03-logging\target\classes started by Gknan in G:\learn-skills\springbootlearn)
2020-05-05 07:52:47.060 ==== [ main ] - [ DEBUG] [ cn.hust.springboot.SpringBoot03LoggingApplication : 56 ] - Running with Spring Boot v2.2.6.RELEASE, Spring v5.2.5.RELEASE
2020-05-05 07:52:47.060 ==== [ main ] - [ INFO ] [ cn.hust.springboot.SpringBoot03LoggingApplication : 655 ] - The following profiles are active: dev
2020-05-05 07:52:48.869 ==== [ main ] - [ INFO ] [ o.s.boot.web.embedded.tomcat.TomcatWebServer : 92 ] - Tomcat initialized with port(s): 8080 (http)
2020-05-05 07:52:48.881 ==== [ main ] - [ INFO ] [ org.apache.catalina.core.StandardService : 173 ] - Starting service [Tomcat]
2020-05-05 07:52:48.881 ==== [ main ] - [ INFO ] [ org.apache.catalina.core.StandardEngine : 173 ] - Starting Servlet engine: [Apache Tomcat/9.0.33]
2020-05-05 07:52:48.884 ==== [ main ] - [ INFO ] [ org.apache.catalina.core.AprLifecycleListener : 173 ] - Loaded APR based Apache Tomcat Native library [1.2.23] using APR version [1.7.0].
2020-05-05 07:52:48.885 ==== [ main ] - [ INFO ] [ org.apache.catalina.core.AprLifecycleListener : 173 ] - APR capabilities: IPv6 [true], sendfile [true], accept filters [false], random [true].
2020-05-05 07:52:48.886 ==== [ main ] - [ INFO ] [ org.apache.catalina.core.AprLifecycleListener : 173 ] - APR/OpenSSL configuration: useAprConnector [false], useOpenSSL [true]
2020-05-05 07:52:48.890 ==== [ main ] - [ INFO ] [ org.apache.catalina.core.AprLifecycleListener : 173 ] - OpenSSL successfully initialized [OpenSSL 1.1.1c  28 May 2019]
2020-05-05 07:52:48.996 ==== [ main ] - [ INFO ] [ o.a.c.core.ContainerBase.[Tomcat].[localhost].[/] : 173 ] - Initializing Spring embedded WebApplicationContext
2020-05-05 07:52:48.997 ==== [ main ] - [ INFO ] [ org.springframework.web.context.ContextLoader : 284 ] - Root WebApplicationContext: initialization completed in 1850 ms
2020-05-05 07:52:49.293 ==== [ main ] - [ INFO ] [ o.s.scheduling.concurrent.ThreadPoolTaskExecutor : 181 ] - Initializing ExecutorService 'applicationTaskExecutor'
2020-05-05 07:52:49.483 ==== [ main ] - [ INFO ] [ o.s.boot.web.embedded.tomcat.TomcatWebServer : 204 ] - Tomcat started on port(s): 8080 (http) with context path ''
2020-05-05 07:52:49.487 ==== [ main ] - [ INFO ] [ cn.hust.springboot.SpringBoot03LoggingApplication : 61 ] - Started SpringBoot03LoggingApplication in 3.146 seconds (JVM running for 4.812)
2020-05-05 07:53:28.419 ==== [ main ] - [ INFO ] [ cn.hust.springboot.SpringBoot03LoggingApplication : 55 ] - Starting SpringBoot03LoggingApplication on DESKTOP-8IPKGHU with PID 16164 (G:\learn-skills\springbootlearn\spring-boot-03-logging\target\classes started by Gknan in G:\learn-skills\springbootlearn)
2020-05-05 07:53:28.424 ==== [ main ] - [ DEBUG] [ cn.hust.springboot.SpringBoot03LoggingApplication : 56 ] - Running with Spring Boot v2.2.6.RELEASE, Spring v5.2.5.RELEASE
2020-05-05 07:53:28.424 ==== [ main ] - [ INFO ] [ cn.hust.springboot.SpringBoot03LoggingApplication : 655 ] - The following profiles are active: dev
2020-05-05 07:53:30.175 ==== [ main ] - [ INFO ] [ o.s.boot.web.embedded.tomcat.TomcatWebServer : 92 ] - Tomcat initialized with port(s): 8080 (http)
2020-05-05 07:53:30.187 ==== [ main ] - [ INFO ] [ org.apache.catalina.core.StandardService : 173 ] - Starting service [Tomcat]
2020-05-05 07:53:30.187 ==== [ main ] - [ INFO ] [ org.apache.catalina.core.StandardEngine : 173 ] - Starting Servlet engine: [Apache Tomcat/9.0.33]
2020-05-05 07:53:30.189 ==== [ main ] - [ INFO ] [ org.apache.catalina.core.AprLifecycleListener : 173 ] - Loaded APR based Apache Tomcat Native library [1.2.23] using APR version [1.7.0].
2020-05-05 07:53:30.189 ==== [ main ] - [ INFO ] [ org.apache.catalina.core.AprLifecycleListener : 173 ] - APR capabilities: IPv6 [true], sendfile [true], accept filters [false], random [true].
2020-05-05 07:53:30.189 ==== [ main ] - [ INFO ] [ org.apache.catalina.core.AprLifecycleListener : 173 ] - APR/OpenSSL configuration: useAprConnector [false], useOpenSSL [true]
2020-05-05 07:53:30.194 ==== [ main ] - [ INFO ] [ org.apache.catalina.core.AprLifecycleListener : 173 ] - OpenSSL successfully initialized [OpenSSL 1.1.1c  28 May 2019]
2020-05-05 07:53:30.296 ==== [ main ] - [ INFO ] [ o.a.c.core.ContainerBase.[Tomcat].[localhost].[/] : 173 ] - Initializing Spring embedded WebApplicationContext
2020-05-05 07:53:30.296 ==== [ main ] - [ INFO ] [ org.springframework.web.context.ContextLoader : 284 ] - Root WebApplicationContext: initialization completed in 1794 ms
2020-05-05 07:53:30.588 ==== [ main ] - [ INFO ] [ o.s.scheduling.concurrent.ThreadPoolTaskExecutor : 181 ] - Initializing ExecutorService 'applicationTaskExecutor'
2020-05-05 07:53:30.782 ==== [ main ] - [ INFO ] [ o.s.boot.web.embedded.tomcat.TomcatWebServer : 204 ] - Tomcat started on port(s): 8080 (http) with context path ''
2020-05-05 07:53:30.787 ==== [ main ] - [ INFO ] [ cn.hust.springboot.SpringBoot03LoggingApplication : 61 ] - Started SpringBoot03LoggingApplication in 3.009 seconds (JVM running for 4.877)
2020-05-05 08:51:54.559 ==== [ main ] - [ INFO ] [ cn.hust.springboot.SpringBoot03LoggingApplication : 55 ] - Starting SpringBoot03LoggingApplication on DESKTOP-8IPKGHU with PID 23148 (G:\learn-skills\springbootlearn\spring-boot-03-logging\target\classes started by Gknan in G:\learn-skills\springbootlearn)
2020-05-05 08:51:54.578 ==== [ main ] - [ DEBUG] [ cn.hust.springboot.SpringBoot03LoggingApplication : 56 ] - Running with Spring Boot v2.2.6.RELEASE, Spring v5.2.5.RELEASE
2020-05-05 08:51:54.579 ==== [ main ] - [ INFO ] [ cn.hust.springboot.SpringBoot03LoggingApplication : 655 ] - The following profiles are active: dev
2020-05-05 08:51:55.643 ==== [ main ] - [ INFO ] [ org.springframework.boot.web.embedded.tomcat.TomcatWebServer : 92 ] - Tomcat initialized with port(s): 8080 (http)
2020-05-05 08:51:55.668 ==== [ main ] - [ INFO ] [ org.apache.catalina.core.StandardService : 173 ] - Starting service [Tomcat]
2020-05-05 08:51:55.669 ==== [ main ] - [ INFO ] [ org.apache.catalina.core.StandardEngine : 173 ] - Starting Servlet engine: [Apache Tomcat/9.0.33]
2020-05-05 08:51:55.672 ==== [ main ] - [ INFO ] [ org.apache.catalina.core.AprLifecycleListener : 173 ] - Loaded APR based Apache Tomcat Native library [1.2.23] using APR version [1.7.0].
2020-05-05 08:51:55.672 ==== [ main ] - [ INFO ] [ org.apache.catalina.core.AprLifecycleListener : 173 ] - APR capabilities: IPv6 [true], sendfile [true], accept filters [false], random [true].
2020-05-05 08:51:55.673 ==== [ main ] - [ INFO ] [ org.apache.catalina.core.AprLifecycleListener : 173 ] - APR/OpenSSL configuration: useAprConnector [false], useOpenSSL [true]
2020-05-05 08:51:55.678 ==== [ main ] - [ INFO ] [ org.apache.catalina.core.AprLifecycleListener : 173 ] - OpenSSL successfully initialized [OpenSSL 1.1.1c  28 May 2019]
2020-05-05 08:51:55.765 ==== [ main ] - [ INFO ] [ org.apache.catalina.core.ContainerBase.[Tomcat].[localhost].[/] : 173 ] - Initializing Spring embedded WebApplicationContext
2020-05-05 08:51:55.766 ==== [ main ] - [ INFO ] [ org.springframework.web.context.ContextLoader : 284 ] - Root WebApplicationContext: initialization completed in 1085 ms
2020-05-05 08:51:55.954 ==== [ main ] - [ INFO ] [ org.springframework.scheduling.concurrent.ThreadPoolTaskExecutor : 181 ] - Initializing ExecutorService 'applicationTaskExecutor'
2020-05-05 08:51:56.186 ==== [ main ] - [ INFO ] [ org.springframework.boot.web.embedded.tomcat.TomcatWebServer : 204 ] - Tomcat started on port(s): 8080 (http) with context path ''
2020-05-05 08:51:56.190 ==== [ main ] - [ INFO ] [ cn.hust.springboot.SpringBoot03LoggingApplication : 61 ] - Started SpringBoot03LoggingApplication in 3.045 seconds (JVM running for 7.337)
